[0.124s] Invoking command in '/home/zeiad/sensorfusion_ros2_ws/build/kalmenfilter_cpp_pkg': CMAKE_PREFIX_PATH=${CMAKE_PREFIX_PATH}:/home/zeiad/sonar_ws/install/ping360_sonar:/home/zeiad/sonar_ws/install/opencv_tests:/opt/ros/eloquent /usr/bin/cmake --build /home/zeiad/sensorfusion_ros2_ws/build/kalmenfilter_cpp_pkg -- -j12 -l12
[0.338s] [35m[1mScanning dependencies of target state_subscriber[0m
[0.465s] [ 50%] [32mBuilding CXX object CMakeFiles/state_subscriber.dir/src/state_subscriber.cpp.o[0m
[5.562s] [01m[K/home/zeiad/sensorfusion_ros2_ws/src/kalmenfilter_cpp_pkg/src/state_subscriber.cpp:20:14:[m[K [01;31m[Kerror: [m[Kâ€˜[01m[KEigen::Matrix12d[m[Kâ€™ has not been declared
[5.563s]  using Eigen::[01;31m[KMatrix12d[m[K;
[5.563s]               [01;31m[K^~~~~~~~~[m[K
[5.563s] [01m[K/home/zeiad/sensorfusion_ros2_ws/src/kalmenfilter_cpp_pkg/src/state_subscriber.cpp:22:14:[m[K [01;31m[Kerror: [m[Kâ€˜[01m[KEigen::Vector12d[m[Kâ€™ has not been declared
[5.563s]  using Eigen::[01;31m[KVector12d[m[K;
[5.563s]               [01;31m[K^~~~~~~~~[m[K
[5.578s] [01m[K/home/zeiad/sensorfusion_ros2_ws/src/kalmenfilter_cpp_pkg/src/state_subscriber.cpp:204:3:[m[K [01;31m[Kerror: [m[Kâ€˜[01m[KVector12d[m[Kâ€™ does not name a type
[5.579s]    [01;31m[KVector12d[m[K state_vector ;
[5.579s]    [01;31m[K^~~~~~~~~[m[K
[5.585s] [01m[K/home/zeiad/sensorfusion_ros2_ws/src/kalmenfilter_cpp_pkg/src/state_subscriber.cpp:205:3:[m[K [01;31m[Kerror: [m[Kâ€˜[01m[KMatrix12d[m[Kâ€™ does not name a type
[5.585s]    [01;31m[KMatrix12d[m[K cov_matrix;
[5.586s]    [01;31m[K^~~~~~~~~[m[K
[5.954s] [01m[K/home/zeiad/sensorfusion_ros2_ws/src/kalmenfilter_cpp_pkg/src/state_subscriber.cpp:[m[K In member function â€˜[01m[KEigen::VectorXd SubscriberNode::getState()[m[Kâ€™:
[5.954s] [01m[K/home/zeiad/sensorfusion_ros2_ws/src/kalmenfilter_cpp_pkg/src/state_subscriber.cpp:63:30:[m[K [01;31m[Kerror: [m[Kâ€˜[01m[Kstate_vector[m[Kâ€™ was not declared in this scope
[5.955s]    VectorXd getState(){return [01;31m[Kstate_vector[m[K;}
[5.955s]                               [01;31m[K^~~~~~~~~~~~[m[K
[5.991s] [01m[K/home/zeiad/sensorfusion_ros2_ws/src/kalmenfilter_cpp_pkg/src/state_subscriber.cpp:[m[K In member function â€˜[01m[KEigen::MatrixXd SubscriberNode::getCov()[m[Kâ€™:
[5.991s] [01m[K/home/zeiad/sensorfusion_ros2_ws/src/kalmenfilter_cpp_pkg/src/state_subscriber.cpp:64:28:[m[K [01;31m[Kerror: [m[Kâ€˜[01m[Kcov_matrix[m[Kâ€™ was not declared in this scope
[5.991s]    MatrixXd getCov(){return [01;31m[Kcov_matrix[m[K;}
[5.991s]                             [01;31m[K^~~~~~~~~~[m[K
[5.998s] [01m[K/home/zeiad/sensorfusion_ros2_ws/src/kalmenfilter_cpp_pkg/src/state_subscriber.cpp:[m[K In member function â€˜[01m[Kvoid SubscriberNode::setState(const VectorXd&)[m[Kâ€™:
[5.998s] [01m[K/home/zeiad/sensorfusion_ros2_ws/src/kalmenfilter_cpp_pkg/src/state_subscriber.cpp:65:48:[m[K [01;31m[Kerror: [m[Kâ€˜[01m[Kstate_vector[m[Kâ€™ was not declared in this scope
[5.999s]    void setState(const VectorXd &current_state){[01;31m[Kstate_vector[m[K=current_state;}
[5.999s]                                                 [01;31m[K^~~~~~~~~~~~[m[K
[6.013s] [01m[K/home/zeiad/sensorfusion_ros2_ws/src/kalmenfilter_cpp_pkg/src/state_subscriber.cpp:[m[K In member function â€˜[01m[Kvoid SubscriberNode::setCov(const MatrixXd&)[m[Kâ€™:
[6.013s] [01m[K/home/zeiad/sensorfusion_ros2_ws/src/kalmenfilter_cpp_pkg/src/state_subscriber.cpp:66:44:[m[K [01;31m[Kerror: [m[Kâ€˜[01m[Kcov_matrix[m[Kâ€™ was not declared in this scope
[6.014s]    void setCov(const MatrixXd &current_cov){[01;31m[Kcov_matrix[m[K=current_cov;}
[6.014s]                                             [01;31m[K^~~~~~~~~~[m[K
[6.035s] [01m[K/home/zeiad/sensorfusion_ros2_ws/src/kalmenfilter_cpp_pkg/src/state_subscriber.cpp:[m[K In member function â€˜[01m[Kvoid SubscriberNode::prediction_step(sensor_msgs::msg::Imu_<std::allocator<void> >::SharedPtr)[m[Kâ€™:
[6.035s] [01m[K/home/zeiad/sensorfusion_ros2_ws/src/kalmenfilter_cpp_pkg/src/state_subscriber.cpp:71:63:[m[K [01;35m[Kwarning: [m[Kunused parameter â€˜[01m[Kmsg[m[Kâ€™ [[01;35m[K-Wunused-parameter[m[K]
[6.035s]    void prediction_step(const sensor_msgs::msg::Imu::SharedPtr [01;35m[Kmsg[m[K ){
[6.035s]                                                                [01;35m[K^~~[m[K
[6.047s] [01m[K/home/zeiad/sensorfusion_ros2_ws/src/kalmenfilter_cpp_pkg/src/state_subscriber.cpp:[m[K In member function â€˜[01m[Kvoid SubscriberNode::callbackDVL(geometry_msgs::msg::TwistWithCovarianceStamped_<std::allocator<void> >::SharedPtr)[m[Kâ€™:
[6.047s] [01m[K/home/zeiad/sensorfusion_ros2_ws/src/kalmenfilter_cpp_pkg/src/state_subscriber.cpp:125:32:[m[K [01;31m[Kerror: [m[Kâ€˜[01m[KVector12d[m[Kâ€™ has not been declared
[6.047s]        VectorXd current_state = [01;31m[KVector12d[m[K::Zero() ;
[6.047s]                                 [01;31m[K^~~~~~~~~[m[K
[6.047s] [01m[K/home/zeiad/sensorfusion_ros2_ws/src/kalmenfilter_cpp_pkg/src/state_subscriber.cpp:126:30:[m[K [01;31m[Kerror: [m[Kâ€˜[01m[KMatrix12d[m[Kâ€™ has not been declared
[6.048s]        MatrixXd current_cov = [01;31m[KMatrix12d[m[K::Zero();
[6.048s]                               [01;31m[K^~~~~~~~~[m[K
[6.069s] [01m[K/home/zeiad/sensorfusion_ros2_ws/src/kalmenfilter_cpp_pkg/src/state_subscriber.cpp:[m[K In member function â€˜[01m[Kvoid SubscriberNode::callbackGroundTruth(gazebo_msgs::msg::LinkStates_<std::allocator<void> >::SharedPtr)[m[Kâ€™:
[6.069s] [01m[K/home/zeiad/sensorfusion_ros2_ws/src/kalmenfilter_cpp_pkg/src/state_subscriber.cpp:157:74:[m[K [01;35m[Kwarning: [m[Kunused parameter â€˜[01m[Kmsg[m[Kâ€™ [[01;35m[K-Wunused-parameter[m[K]
[6.070s]    void callbackGroundTruth(const gazebo_msgs::msg::LinkStates::SharedPtr [01;35m[Kmsg[m[K)
[6.070s]                                                                           [01;35m[K^~~[m[K
[12.838s] CMakeFiles/state_subscriber.dir/build.make:62: recipe for target 'CMakeFiles/state_subscriber.dir/src/state_subscriber.cpp.o' failed
[12.839s] make[2]: *** [CMakeFiles/state_subscriber.dir/src/state_subscriber.cpp.o] Error 1
[12.839s] CMakeFiles/Makefile2:99: recipe for target 'CMakeFiles/state_subscriber.dir/all' failed
[12.839s] make[1]: *** [CMakeFiles/state_subscriber.dir/all] Error 2
[12.839s] Makefile:140: recipe for target 'all' failed
[12.840s] make: *** [all] Error 2
[12.842s] Invoked command in '/home/zeiad/sensorfusion_ros2_ws/build/kalmenfilter_cpp_pkg' returned '2': CMAKE_PREFIX_PATH=${CMAKE_PREFIX_PATH}:/home/zeiad/sonar_ws/install/ping360_sonar:/home/zeiad/sonar_ws/install/opencv_tests:/opt/ros/eloquent /usr/bin/cmake --build /home/zeiad/sensorfusion_ros2_ws/build/kalmenfilter_cpp_pkg -- -j12 -l12
