-- Found ament_cmake: 0.8.3 (/opt/ros/eloquent/share/ament_cmake/cmake)
-- Using PYTHON_EXECUTABLE: /usr/bin/python3
-- Found rclcpp: 0.8.5 (/opt/ros/eloquent/share/rclcpp/cmake)
-- Found rosidl_adapter: 0.8.3 (/opt/ros/eloquent/share/rosidl_adapter/cmake)
-- Found rmw_implementation_cmake: 0.8.1 (/opt/ros/eloquent/share/rmw_implementation_cmake/cmake)
-- Using RMW implementation 'rmw_fastrtps_cpp' as default
-- Found example_interfaces: 0.7.1 (/opt/ros/eloquent/share/example_interfaces/cmake)
-- Configuring done
-- Generating done
-- Build files have been written to: /home/zeiad/sensorfusion_ros2_ws/build/kalmenfilter_cpp_pkg
[35m[1mScanning dependencies of target news_publisher[0m
[ 50%] Built target cpp_node
[ 75%] [32mBuilding CXX object CMakeFiles/news_publisher.dir/src/publisher.cpp.o[0m
[01m[K/home/zeiad/sensorfusion_ros2_ws/src/kalmenfilter_cpp_pkg/src/publisher.cpp:2:10:[m[K [01;31m[Kfatal error: [m[Kexample_interfaces/msg/string.hpp: No such file or directory
 #include [01;31m[K"example_interfaces/msg/string.hpp"[m[K
          [01;31m[K^~~~~~~~~~~~~~~~~~~~~~~~~~~~~~~~~~~[m[K
compilation terminated.
CMakeFiles/news_publisher.dir/build.make:62: recipe for target 'CMakeFiles/news_publisher.dir/src/publisher.cpp.o' failed
make[2]: *** [CMakeFiles/news_publisher.dir/src/publisher.cpp.o] Error 1
CMakeFiles/Makefile2:168: recipe for target 'CMakeFiles/news_publisher.dir/all' failed
make[1]: *** [CMakeFiles/news_publisher.dir/all] Error 2
make: *** [all] Error 2
Makefile:140: recipe for target 'all' failed
