[0.040s] Invoking command in '/home/zeiad/sensorfusion_ros2_ws/build/kalmenfilter_cpp_pkg': CMAKE_PREFIX_PATH=${CMAKE_PREFIX_PATH}:/home/zeiad/sonar_ws/install/ping360_sonar:/home/zeiad/sonar_ws/install/opencv_tests:/opt/ros/eloquent /usr/bin/cmake --build /home/zeiad/sensorfusion_ros2_ws/build/kalmenfilter_cpp_pkg -- -j12 -l12
[0.078s] -- Found ament_cmake: 0.8.3 (/opt/ros/eloquent/share/ament_cmake/cmake)
[0.116s] -- Using PYTHON_EXECUTABLE: /usr/bin/python3
[0.405s] -- Found rclcpp: 0.8.5 (/opt/ros/eloquent/share/rclcpp/cmake)
[0.422s] -- Found rosidl_adapter: 0.8.3 (/opt/ros/eloquent/share/rosidl_adapter/cmake)
[0.463s] -- Found rmw_implementation_cmake: 0.8.1 (/opt/ros/eloquent/share/rmw_implementation_cmake/cmake)
[0.466s] -- Using RMW implementation 'rmw_fastrtps_cpp' as default
[0.503s] -- Found example_interfaces: 0.7.1 (/opt/ros/eloquent/share/example_interfaces/cmake)
[0.656s] -- Configuring done
[0.681s] -- Generating done
[0.683s] -- Build files have been written to: /home/zeiad/sensorfusion_ros2_ws/build/kalmenfilter_cpp_pkg
[0.716s] [35m[1mScanning dependencies of target news_publisher[0m
[0.738s] [ 50%] Built target cpp_node
[0.749s] [ 75%] [32mBuilding CXX object CMakeFiles/news_publisher.dir/src/publisher.cpp.o[0m
[0.842s] [01m[K/home/zeiad/sensorfusion_ros2_ws/src/kalmenfilter_cpp_pkg/src/publisher.cpp:2:10:[m[K [01;31m[Kfatal error: [m[Kexample_interfaces/msg/string.hpp: No such file or directory
[0.842s]  #include [01;31m[K"example_interfaces/msg/string.hpp"[m[K
[0.842s]           [01;31m[K^~~~~~~~~~~~~~~~~~~~~~~~~~~~~~~~~~~[m[K
[0.842s] compilation terminated.
[0.843s] CMakeFiles/news_publisher.dir/build.make:62: recipe for target 'CMakeFiles/news_publisher.dir/src/publisher.cpp.o' failed
[0.844s] make[2]: *** [CMakeFiles/news_publisher.dir/src/publisher.cpp.o] Error 1
[0.844s] CMakeFiles/Makefile2:168: recipe for target 'CMakeFiles/news_publisher.dir/all' failed
[0.844s] make[1]: *** [CMakeFiles/news_publisher.dir/all] Error 2
[0.844s] make: *** [all] Error 2
[0.844s] Makefile:140: recipe for target 'all' failed
[0.846s] Invoked command in '/home/zeiad/sensorfusion_ros2_ws/build/kalmenfilter_cpp_pkg' returned '2': CMAKE_PREFIX_PATH=${CMAKE_PREFIX_PATH}:/home/zeiad/sonar_ws/install/ping360_sonar:/home/zeiad/sonar_ws/install/opencv_tests:/opt/ros/eloquent /usr/bin/cmake --build /home/zeiad/sensorfusion_ros2_ws/build/kalmenfilter_cpp_pkg -- -j12 -l12
