[0.164s] Invoking command in '/home/zeiad/sensorfusion_ros2_ws/build/kalmenfilter_cpp_pkg': CMAKE_PREFIX_PATH=${CMAKE_PREFIX_PATH}:/home/zeiad/sonar_ws/install/ping360_sonar:/home/zeiad/sonar_ws/install/opencv_tests:/opt/ros/eloquent /usr/bin/cmake --build /home/zeiad/sensorfusion_ros2_ws/build/kalmenfilter_cpp_pkg -- -j12 -l12
[0.570s] [ 25%] Built target news_publisher
[0.664s] [35m[1mScanning dependencies of target state_subscriber[0m
[0.779s] [ 37%] [32mBuilding CXX object CMakeFiles/state_subscriber.dir/src/state_subscriber.cpp.o[0m
[7.002s] [01m[K/home/zeiad/sensorfusion_ros2_ws/src/kalmenfilter_cpp_pkg/src/state_subscriber.cpp:[m[K In constructor â€˜[01m[KSubscriberNode::SubscriberNode()[m[Kâ€™:
[7.005s] [01m[K/home/zeiad/sensorfusion_ros2_ws/src/kalmenfilter_cpp_pkg/src/state_subscriber.cpp:19:165:[m[K [01;31m[Kerror: [m[Kno match for â€˜[01m[Koperator=[m[Kâ€™ (operand types are â€˜[01m[Krclcpp::Subscription<sensor_msgs::msg::Imu_<std::allocator<void> > >::SharedPtr {aka std::shared_ptr<rclcpp::Subscription<sensor_msgs::msg::Imu_<std::allocator<void> > > >}[m[Kâ€™ and â€˜[01m[Kstd::shared_ptr<rclcpp::Subscription<geometry_msgs::msg::TwistWithCovarianceStamped_<std::allocator<void> >, std::allocator<void>, rclcpp::message_memory_strategy::MessageMemoryStrategy<geometry_msgs::msg::TwistWithCovarianceStamped_<std::allocator<void> >, std::allocator<void> > > >[m[Kâ€™)
[7.007s]                         std::bind(&SubscriberNode::callbackDVL, this, std::placeholders::_1)[01;31m[K)[m[K;
[7.008s]                                                                                             [01;31m[K^[m[K
[7.011s] In file included from [01m[K/usr/include/c++/7/memory:81:0[m[K,
[7.012s]                  from [01m[K/opt/ros/eloquent/include/rclcpp/rclcpp.hpp:143[m[K,
[7.014s]                  from [01m[K/home/zeiad/sensorfusion_ros2_ws/src/kalmenfilter_cpp_pkg/src/state_subscriber.cpp:1[m[K:
[7.018s] [01m[K/usr/include/c++/7/bits/shared_ptr.h:296:19:[m[K [01;36m[Knote: [m[Kcandidate: std::shared_ptr<_Tp>& std::shared_ptr<_Tp>::operator=(const std::shared_ptr<_Tp>&) [with _Tp = rclcpp::Subscription<sensor_msgs::msg::Imu_<std::allocator<void> > >]
[7.019s]        shared_ptr& [01;36m[Koperator[m[K=(const shared_ptr&) noexcept = default;
[7.019s]                    [01;36m[K^~~~~~~~[m[K
[7.020s] [01m[K/usr/include/c++/7/bits/shared_ptr.h:296:19:[m[K [01;36m[Knote: [m[K  no known conversion for argument 1 from â€˜[01m[Kstd::shared_ptr<rclcpp::Subscription<geometry_msgs::msg::TwistWithCovarianceStamped_<std::allocator<void> >, std::allocator<void>, rclcpp::message_memory_strategy::MessageMemoryStrategy<geometry_msgs::msg::TwistWithCovarianceStamped_<std::allocator<void> >, std::allocator<void> > > >[m[Kâ€™ to â€˜[01m[Kconst std::shared_ptr<rclcpp::Subscription<sensor_msgs::msg::Imu_<std::allocator<void> > > >&[m[Kâ€™
[7.020s] [01m[K/usr/include/c++/7/bits/shared_ptr.h:300:2:[m[K [01;36m[Knote: [m[Kcandidate: template<class _Yp> std::shared_ptr<_Tp>::_Assignable<const std::shared_ptr<_Yp>&> std::shared_ptr<_Tp>::operator=(const std::shared_ptr<_Yp>&) [with _Yp = _Yp; _Tp = rclcpp::Subscription<sensor_msgs::msg::Imu_<std::allocator<void> > >]
[7.020s]   [01;36m[Koperator[m[K=(const shared_ptr<_Yp>& __r) noexcept
[7.020s]   [01;36m[K^~~~~~~~[m[K
[7.020s] [01m[K/usr/include/c++/7/bits/shared_ptr.h:300:2:[m[K [01;36m[Knote: [m[K  template argument deduction/substitution failed:
[7.020s] [01m[K/usr/include/c++/7/bits/shared_ptr.h:309:2:[m[K [01;36m[Knote: [m[Kcandidate: template<class _Yp> std::shared_ptr<_Tp>::_Assignable<std::auto_ptr<_Up> > std::shared_ptr<_Tp>::operator=(std::auto_ptr<_Up>&&) [with _Yp = _Yp; _Tp = rclcpp::Subscription<sensor_msgs::msg::Imu_<std::allocator<void> > >]
[7.021s]   [01;36m[Koperator[m[K=(auto_ptr<_Yp>&& __r)
[7.021s]   [01;36m[K^~~~~~~~[m[K
[7.022s] [01m[K/usr/include/c++/7/bits/shared_ptr.h:309:2:[m[K [01;36m[Knote: [m[K  template argument deduction/substitution failed:
[7.026s] [01m[K/home/zeiad/sensorfusion_ros2_ws/src/kalmenfilter_cpp_pkg/src/state_subscriber.cpp:19:165:[m[K [01;36m[Knote: [m[K  â€˜[01m[Kstd::shared_ptr<rclcpp::Subscription<geometry_msgs::msg::TwistWithCovarianceStamped_<std::allocator<void> >, std::allocator<void>, rclcpp::message_memory_strategy::MessageMemoryStrategy<geometry_msgs::msg::TwistWithCovarianceStamped_<std::allocator<void> >, std::allocator<void> > > >[m[Kâ€™ is not derived from â€˜[01m[Kstd::auto_ptr<_Up>[m[Kâ€™
[7.027s]                         std::bind(&SubscriberNode::callbackDVL, this, std::placeholders::_1)[01;36m[K)[m[K;
[7.027s]                                                                                             [01;36m[K^[m[K
[7.028s] In file included from [01m[K/usr/include/c++/7/memory:81:0[m[K,
[7.029s]                  from [01m[K/opt/ros/eloquent/include/rclcpp/rclcpp.hpp:143[m[K,
[7.030s]                  from [01m[K/home/zeiad/sensorfusion_ros2_ws/src/kalmenfilter_cpp_pkg/src/state_subscriber.cpp:1[m[K:
[7.030s] [01m[K/usr/include/c++/7/bits/shared_ptr.h:317:7:[m[K [01;36m[Knote: [m[Kcandidate: std::shared_ptr<_Tp>& std::shared_ptr<_Tp>::operator=(std::shared_ptr<_Tp>&&) [with _Tp = rclcpp::Subscription<sensor_msgs::msg::Imu_<std::allocator<void> > >]
[7.031s]        [01;36m[Koperator[m[K=(shared_ptr&& __r) noexcept
[7.031s]        [01;36m[K^~~~~~~~[m[K
[7.031s] [01m[K/usr/include/c++/7/bits/shared_ptr.h:317:7:[m[K [01;36m[Knote: [m[K  no known conversion for argument 1 from â€˜[01m[Kstd::shared_ptr<rclcpp::Subscription<geometry_msgs::msg::TwistWithCovarianceStamped_<std::allocator<void> >, std::allocator<void>, rclcpp::message_memory_strategy::MessageMemoryStrategy<geometry_msgs::msg::TwistWithCovarianceStamped_<std::allocator<void> >, std::allocator<void> > > >[m[Kâ€™ to â€˜[01m[Kstd::shared_ptr<rclcpp::Subscription<sensor_msgs::msg::Imu_<std::allocator<void> > > >&&[m[Kâ€™
[7.031s] [01m[K/usr/include/c++/7/bits/shared_ptr.h:325:2:[m[K [01;36m[Knote: [m[Kcandidate: template<class _Yp> std::shared_ptr<_Tp>::_Assignable<std::shared_ptr<_Yp> > std::shared_ptr<_Tp>::operator=(std::shared_ptr<_Yp>&&) [with _Yp = _Yp; _Tp = rclcpp::Subscription<sensor_msgs::msg::Imu_<std::allocator<void> > >]
[7.032s]   [01;36m[Koperator[m[K=(shared_ptr<_Yp>&& __r) noexcept
[7.032s]   [01;36m[K^~~~~~~~[m[K
[7.032s] [01m[K/usr/include/c++/7/bits/shared_ptr.h:325:2:[m[K [01;36m[Knote: [m[K  template argument deduction/substitution failed:
[7.033s] [01m[K/usr/include/c++/7/bits/shared_ptr.h:333:2:[m[K [01;36m[Knote: [m[Kcandidate: template<class _Yp, class _Del> std::shared_ptr<_Tp>::_Assignable<std::unique_ptr<_Up, _Ep> > std::shared_ptr<_Tp>::operator=(std::unique_ptr<_Up, _Ep>&&) [with _Yp = _Yp; _Del = _Del; _Tp = rclcpp::Subscription<sensor_msgs::msg::Imu_<std::allocator<void> > >]
[7.033s]   [01;36m[Koperator[m[K=(unique_ptr<_Yp, _Del>&& __r)
[7.033s]   [01;36m[K^~~~~~~~[m[K
[7.033s] [01m[K/usr/include/c++/7/bits/shared_ptr.h:333:2:[m[K [01;36m[Knote: [m[K  template argument deduction/substitution failed:
[7.034s] [01m[K/home/zeiad/sensorfusion_ros2_ws/src/kalmenfilter_cpp_pkg/src/state_subscriber.cpp:19:165:[m[K [01;36m[Knote: [m[K  â€˜[01m[Kstd::shared_ptr<rclcpp::Subscription<geometry_msgs::msg::TwistWithCovarianceStamped_<std::allocator<void> >, std::allocator<void>, rclcpp::message_memory_strategy::MessageMemoryStrategy<geometry_msgs::msg::TwistWithCovarianceStamped_<std::allocator<void> >, std::allocator<void> > > >[m[Kâ€™ is not derived from â€˜[01m[Kstd::unique_ptr<_Tp, _Dp>[m[Kâ€™
[7.034s]                         std::bind(&SubscriberNode::callbackDVL, this, std::placeholders::_1)[01;36m[K)[m[K;
[7.034s]                                                                                             [01;36m[K^[m[K
[7.039s] [01m[K/home/zeiad/sensorfusion_ros2_ws/src/kalmenfilter_cpp_pkg/src/state_subscriber.cpp:[m[K In member function â€˜[01m[Kvoid SubscriberNode::callbackIMU(sensor_msgs::msg::Imu_<std::allocator<void> >::SharedPtr)[m[Kâ€™:
[7.039s] [01m[K/home/zeiad/sensorfusion_ros2_ws/src/kalmenfilter_cpp_pkg/src/state_subscriber.cpp:32:59:[m[K [01;35m[Kwarning: [m[Kunused parameter â€˜[01m[Kmsg[m[Kâ€™ [[01;35m[K-Wunused-parameter[m[K]
[7.039s]    void callbackIMU(const sensor_msgs::msg::Imu::SharedPtr [01;35m[Kmsg[m[K)
[7.039s]                                                            [01;35m[K^~~[m[K
[7.053s] [01m[K/home/zeiad/sensorfusion_ros2_ws/src/kalmenfilter_cpp_pkg/src/state_subscriber.cpp:[m[K In member function â€˜[01m[Kvoid SubscriberNode::callbackPressure(sensor_msgs::msg::Imu_<std::allocator<void> >::SharedPtr)[m[Kâ€™:
[7.054s] [01m[K/home/zeiad/sensorfusion_ros2_ws/src/kalmenfilter_cpp_pkg/src/state_subscriber.cpp:50:64:[m[K [01;35m[Kwarning: [m[Kunused parameter â€˜[01m[Kmsg[m[Kâ€™ [[01;35m[K-Wunused-parameter[m[K]
[7.054s]    void callbackPressure(const sensor_msgs::msg::Imu::SharedPtr [01;35m[Kmsg[m[K)
[7.054s]                                                                 [01;35m[K^~~[m[K
[7.054s] [01m[K/home/zeiad/sensorfusion_ros2_ws/src/kalmenfilter_cpp_pkg/src/state_subscriber.cpp:[m[K In member function â€˜[01m[Kvoid SubscriberNode::callbackGroundTruth(sensor_msgs::msg::Imu_<std::allocator<void> >::SharedPtr)[m[Kâ€™:
[7.054s] [01m[K/home/zeiad/sensorfusion_ros2_ws/src/kalmenfilter_cpp_pkg/src/state_subscriber.cpp:59:67:[m[K [01;35m[Kwarning: [m[Kunused parameter â€˜[01m[Kmsg[m[Kâ€™ [[01;35m[K-Wunused-parameter[m[K]
[7.054s]    void callbackGroundTruth(const sensor_msgs::msg::Imu::SharedPtr [01;35m[Kmsg[m[K)
[7.054s]                                                                    [01;35m[K^~~[m[K
[13.888s] make[2]: *** [CMakeFiles/state_subscriber.dir/src/state_subscriber.cpp.o] Error 1
[13.889s] CMakeFiles/state_subscriber.dir/build.make:62: recipe for target 'CMakeFiles/state_subscriber.dir/src/state_subscriber.cpp.o' failed
[13.891s] CMakeFiles/Makefile2:242: recipe for target 'CMakeFiles/state_subscriber.dir/all' failed
[13.892s] make[1]: *** [CMakeFiles/state_subscriber.dir/all] Error 2
[13.894s] Makefile:140: recipe for target 'all' failed
[13.895s] make: *** [all] Error 2
[13.913s] Invoked command in '/home/zeiad/sensorfusion_ros2_ws/build/kalmenfilter_cpp_pkg' returned '2': CMAKE_PREFIX_PATH=${CMAKE_PREFIX_PATH}:/home/zeiad/sonar_ws/install/ping360_sonar:/home/zeiad/sonar_ws/install/opencv_tests:/opt/ros/eloquent /usr/bin/cmake --build /home/zeiad/sensorfusion_ros2_ws/build/kalmenfilter_cpp_pkg -- -j12 -l12
