[0.161s] Invoking command in '/home/zeiad/sensorfusion_ros2_ws/build/kalmenfilter_cpp_pkg': CMAKE_PREFIX_PATH=${CMAKE_PREFIX_PATH}:/home/zeiad/sonar_ws/install/ping360_sonar:/home/zeiad/sonar_ws/install/opencv_tests:/opt/ros/eloquent /usr/bin/cmake --build /home/zeiad/sensorfusion_ros2_ws/build/kalmenfilter_cpp_pkg -- -j12 -l12
[0.318s] -- Found ament_cmake: 0.8.3 (/opt/ros/eloquent/share/ament_cmake/cmake)
[0.487s] -- Using PYTHON_EXECUTABLE: /usr/bin/python3
[1.583s] -- Found rclcpp: 0.8.5 (/opt/ros/eloquent/share/rclcpp/cmake)
[1.635s] -- Found rosidl_adapter: 0.8.3 (/opt/ros/eloquent/share/rosidl_adapter/cmake)
[1.737s] -- Found rmw_implementation_cmake: 0.8.1 (/opt/ros/eloquent/share/rmw_implementation_cmake/cmake)
[1.743s] -- Using RMW implementation 'rmw_fastrtps_cpp' as default
[1.861s] -- Found std_msgs: 0.8.1 (/opt/ros/eloquent/share/std_msgs/cmake)
[1.934s] -- Found sensor_msgs: 0.8.1 (/opt/ros/eloquent/share/sensor_msgs/cmake)
[2.561s] -- Configuring done
[2.718s] -- Generating done
[2.721s] -- Build files have been written to: /home/zeiad/sensorfusion_ros2_ws/build/kalmenfilter_cpp_pkg
[2.994s] [ 25%] Built target news_publisher
[3.069s] [35m[1mScanning dependencies of target state_subscriber[0m
[3.196s] [ 37%] [32mBuilding CXX object CMakeFiles/state_subscriber.dir/src/state_subscriber.cpp.o[0m
[3.457s] [01m[K/home/zeiad/sensorfusion_ros2_ws/src/kalmenfilter_cpp_pkg/src/state_subscriber.cpp:2:10:[m[K [01;31m[Kfatal error: [m[Ksensor_msgs/msg/Imu: No such file or directory
[3.457s]  #include [01;31m[K"sensor_msgs/msg/Imu"[m[K
[3.457s]           [01;31m[K^~~~~~~~~~~~~~~~~~~~~[m[K
[3.458s] compilation terminated.
[3.465s] CMakeFiles/state_subscriber.dir/build.make:62: recipe for target 'CMakeFiles/state_subscriber.dir/src/state_subscriber.cpp.o' failed
[3.468s] make[2]: *** [CMakeFiles/state_subscriber.dir/src/state_subscriber.cpp.o] Error 1
[3.469s] make[1]: *** [CMakeFiles/state_subscriber.dir/all] Error 2
[3.470s] make: *** [all] Error 2
[3.470s] CMakeFiles/Makefile2:242: recipe for target 'CMakeFiles/state_subscriber.dir/all' failed
[3.470s] Makefile:140: recipe for target 'all' failed
[3.484s] Invoked command in '/home/zeiad/sensorfusion_ros2_ws/build/kalmenfilter_cpp_pkg' returned '2': CMAKE_PREFIX_PATH=${CMAKE_PREFIX_PATH}:/home/zeiad/sonar_ws/install/ping360_sonar:/home/zeiad/sonar_ws/install/opencv_tests:/opt/ros/eloquent /usr/bin/cmake --build /home/zeiad/sensorfusion_ros2_ws/build/kalmenfilter_cpp_pkg -- -j12 -l12
