[35m[1mScanning dependencies of target state_subscriber[0m
[ 50%] [32mBuilding CXX object CMakeFiles/state_subscriber.dir/src/state_subscriber.cpp.o[0m
[01m[K/home/zeiad/sensorfusion_ros2_ws/src/kalmenfilter_cpp_pkg/src/state_subscriber.cpp:[m[K In member function â€˜[01m[Kvoid SubscriberNode::prediction_step(sensor_msgs::msg::Imu_<std::allocator<void> >::SharedPtr)[m[Kâ€™:
[01m[K/home/zeiad/sensorfusion_ros2_ws/src/kalmenfilter_cpp_pkg/src/state_subscriber.cpp:143:5:[m[K [01;31m[Kerror: [m[Kâ€˜[01m[KsetCovariance[m[Kâ€™ was not declared in this scope
     [01;31m[KsetCovariance[m[K(current_cov);
     [01;31m[K^~~~~~~~~~~~~[m[K
[01m[K/home/zeiad/sensorfusion_ros2_ws/src/kalmenfilter_cpp_pkg/src/state_subscriber.cpp:[m[K In member function â€˜[01m[Kvoid SubscriberNode::callbackIMU(sensor_msgs::msg::Imu_<std::allocator<void> >::SharedPtr)[m[Kâ€™:
[01m[K/home/zeiad/sensorfusion_ros2_ws/src/kalmenfilter_cpp_pkg/src/state_subscriber.cpp:210:12:[m[K [01;35m[Kwarning: [m[Kunused variable â€˜[01m[KIMU_init[m[Kâ€™ [[01;35m[K-Wunused-variable[m[K]
       bool [01;35m[KIMU_init[m[K = true;
            [01;35m[K^~~~~~~~[m[K
[01m[K/home/zeiad/sensorfusion_ros2_ws/src/kalmenfilter_cpp_pkg/src/state_subscriber.cpp:[m[K In member function â€˜[01m[Kvoid SubscriberNode::callbackDVL(geometry_msgs::msg::TwistWithCovarianceStamped_<std::allocator<void> >::SharedPtr)[m[Kâ€™:
[01m[K/home/zeiad/sensorfusion_ros2_ws/src/kalmenfilter_cpp_pkg/src/state_subscriber.cpp:241:12:[m[K [01;35m[Kwarning: [m[Kunused variable â€˜[01m[KDVL_init[m[Kâ€™ [[01;35m[K-Wunused-variable[m[K]
       bool [01;35m[KDVL_init[m[K = true;
            [01;35m[K^~~~~~~~[m[K
[01m[K/home/zeiad/sensorfusion_ros2_ws/src/kalmenfilter_cpp_pkg/src/state_subscriber.cpp:[m[K In member function â€˜[01m[Kvoid SubscriberNode::callbackPressure(sensor_msgs::msg::FluidPressure_<std::allocator<void> >::SharedPtr)[m[Kâ€™:
[01m[K/home/zeiad/sensorfusion_ros2_ws/src/kalmenfilter_cpp_pkg/src/state_subscriber.cpp:274:14:[m[K [01;35m[Kwarning: [m[Kunused variable â€˜[01m[KPressure_init[m[Kâ€™ [[01;35m[K-Wunused-variable[m[K]
         bool [01;35m[KPressure_init[m[K = true;
              [01;35m[K^~~~~~~~~~~~~[m[K
[01m[K/home/zeiad/sensorfusion_ros2_ws/src/kalmenfilter_cpp_pkg/src/state_subscriber.cpp:[m[K In member function â€˜[01m[Kvoid SubscriberNode::callbackGroundTruth(gazebo_msgs::msg::LinkStates_<std::allocator<void> >::SharedPtr)[m[Kâ€™:
[01m[K/home/zeiad/sensorfusion_ros2_ws/src/kalmenfilter_cpp_pkg/src/state_subscriber.cpp:278:74:[m[K [01;35m[Kwarning: [m[Kunused parameter â€˜[01m[Kmsg[m[Kâ€™ [[01;35m[K-Wunused-parameter[m[K]
   void callbackGroundTruth(const gazebo_msgs::msg::LinkStates::SharedPtr [01;35m[Kmsg[m[K)
                                                                          [01;35m[K^~~[m[K
CMakeFiles/state_subscriber.dir/build.make:62: recipe for target 'CMakeFiles/state_subscriber.dir/src/state_subscriber.cpp.o' failed
make[2]: *** [CMakeFiles/state_subscriber.dir/src/state_subscriber.cpp.o] Error 1
CMakeFiles/Makefile2:99: recipe for target 'CMakeFiles/state_subscriber.dir/all' failed
make[1]: *** [CMakeFiles/state_subscriber.dir/all] Error 2
Makefile:140: recipe for target 'all' failed
make: *** [all] Error 2
