[0.043s] Invoking command in '/home/zeiad/sensorfusion_ros2_ws/build/kalmenfilter_cpp_pkg': CMAKE_PREFIX_PATH=${CMAKE_PREFIX_PATH}:/home/zeiad/sonar_ws/install/ping360_sonar:/home/zeiad/sonar_ws/install/opencv_tests:/opt/ros/eloquent /usr/bin/cmake --build /home/zeiad/sensorfusion_ros2_ws/build/kalmenfilter_cpp_pkg -- -j12 -l12
[0.083s] -- Found ament_cmake: 0.8.3 (/opt/ros/eloquent/share/ament_cmake/cmake)
[0.126s] -- Using PYTHON_EXECUTABLE: /usr/bin/python3
[0.450s] -- Found rclcpp: 0.8.5 (/opt/ros/eloquent/share/rclcpp/cmake)
[0.471s] -- Found rosidl_adapter: 0.8.3 (/opt/ros/eloquent/share/rosidl_adapter/cmake)
[0.513s] -- Found rmw_implementation_cmake: 0.8.1 (/opt/ros/eloquent/share/rmw_implementation_cmake/cmake)
[0.516s] -- Using RMW implementation 'rmw_fastrtps_cpp' as default
[0.598s] -- Found example_interfaces: 0.7.1 (/opt/ros/eloquent/share/example_interfaces/cmake)
[0.828s] -- Configuring done
[0.941s] -- Generating done
[0.943s] -- Build files have been written to: /home/zeiad/sensorfusion_ros2_ws/build/kalmenfilter_cpp_pkg
[0.977s] [35m[1mScanning dependencies of target news_publisher[0m
[0.998s] [ 50%] Built target cpp_node
[1.018s] [ 75%] [32mBuilding CXX object CMakeFiles/news_publisher.dir/src/publisher.cpp.o[0m
[1.168s] [01m[K/home/zeiad/sensorfusion_ros2_ws/src/kalmenfilter_cpp_pkg/src/publisher.cpp:2:10:[m[K [01;31m[Kfatal error: [m[Kexample_interfaces/msg/string.hpp: No such file or directory
[1.168s]  #include [01;31m[K"example_interfaces/msg/string.hpp"[m[K
[1.169s]           [01;31m[K^~~~~~~~~~~~~~~~~~~~~~~~~~~~~~~~~~~[m[K
[1.169s] compilation terminated.
[1.172s] make[2]: *** [CMakeFiles/news_publisher.dir/src/publisher.cpp.o] Error 1
[1.173s] CMakeFiles/news_publisher.dir/build.make:62: recipe for target 'CMakeFiles/news_publisher.dir/src/publisher.cpp.o' failed
[1.174s] CMakeFiles/Makefile2:168: recipe for target 'CMakeFiles/news_publisher.dir/all' failed
[1.174s] make[1]: *** [CMakeFiles/news_publisher.dir/all] Error 2
[1.174s] make: *** [all] Error 2
[1.175s] Makefile:140: recipe for target 'all' failed
[1.178s] Invoked command in '/home/zeiad/sensorfusion_ros2_ws/build/kalmenfilter_cpp_pkg' returned '2': CMAKE_PREFIX_PATH=${CMAKE_PREFIX_PATH}:/home/zeiad/sonar_ws/install/ping360_sonar:/home/zeiad/sonar_ws/install/opencv_tests:/opt/ros/eloquent /usr/bin/cmake --build /home/zeiad/sensorfusion_ros2_ws/build/kalmenfilter_cpp_pkg -- -j12 -l12
