[0.134s] Invoking command in '/home/zeiad/sensorfusion_ros2_ws/build/kalmenfilter_cpp_pkg': CMAKE_PREFIX_PATH=${CMAKE_PREFIX_PATH}:/home/zeiad/sonar_ws/install/ping360_sonar:/home/zeiad/sonar_ws/install/opencv_tests:/opt/ros/eloquent /usr/bin/cmake --build /home/zeiad/sensorfusion_ros2_ws/build/kalmenfilter_cpp_pkg -- -j12 -l12
[0.479s] [ 50%] [32mBuilding CXX object CMakeFiles/state_subscriber.dir/src/state_subscriber.cpp.o[0m
[0.510s] [01m[K/home/zeiad/sensorfusion_ros2_ws/src/kalmenfilter_cpp_pkg/src/state_subscriber.cpp:2:10:[m[K [01;31m[Kfatal error: [m[Kstate_subscriber.hpp: No such file or directory
[0.512s]  #include [01;31m[K"state_subscriber.hpp"[m[K
[0.513s]           [01;31m[K^~~~~~~~~~~~~~~~~~~~~~[m[K
[0.518s] compilation terminated.
[0.518s] CMakeFiles/state_subscriber.dir/build.make:62: recipe for target 'CMakeFiles/state_subscriber.dir/src/state_subscriber.cpp.o' failed
[0.519s] make[2]: *** [CMakeFiles/state_subscriber.dir/src/state_subscriber.cpp.o] Error 1
[0.519s] make[1]: *** [CMakeFiles/state_subscriber.dir/all] Error 2
[0.519s] CMakeFiles/Makefile2:99: recipe for target 'CMakeFiles/state_subscriber.dir/all' failed
[0.520s] Makefile:140: recipe for target 'all' failed
[0.520s] make: *** [all] Error 2
[0.536s] Invoked command in '/home/zeiad/sensorfusion_ros2_ws/build/kalmenfilter_cpp_pkg' returned '2': CMAKE_PREFIX_PATH=${CMAKE_PREFIX_PATH}:/home/zeiad/sonar_ws/install/ping360_sonar:/home/zeiad/sonar_ws/install/opencv_tests:/opt/ros/eloquent /usr/bin/cmake --build /home/zeiad/sensorfusion_ros2_ws/build/kalmenfilter_cpp_pkg -- -j12 -l12
