[Main] EIGEN3_INCLUDE_DIRS = /usr/include/eigen3
[01m[K/home/zeiad/sensorfusion_ros2_ws/src/kalmenfilter_cpp_pkg/src/state_subscriber.cpp:18:35:[m[K [01;31m[Kerror: [m[Kâ€˜[01m[KCppAD[m[Kâ€™ was not declared in this scope
 using Vector12dAD = Eigen::Matrix<[01;31m[KCppAD[m[K::AD<double>, 12, 1>;
                                   [01;31m[K^~~~~[m[K
[01m[K/home/zeiad/sensorfusion_ros2_ws/src/kalmenfilter_cpp_pkg/src/state_subscriber.cpp:18:59:[m[K [01;31m[Kerror: [m[Kwrong number of template arguments (1, should be at least 3)
 using Vector12dAD = Eigen::Matrix<CppAD::AD<double>, 12, 1[01;31m[K>[m[K;
                                                           [01;31m[K^[m[K
In file included from [01m[K/usr/include/eigen3/Eigen/Core:346:0[m[K,
                 from [01m[K/usr/include/eigen3/Eigen/Dense:1[m[K,
                 from [01m[K/home/zeiad/sensorfusion_ros2_ws/src/kalmenfilter_cpp_pkg/src/state_subscriber.cpp:7[m[K:
[01m[K/usr/include/eigen3/Eigen/src/Core/util/ForwardDeclarations.h:74:9:[m[K [01;36m[Knote: [m[Kprovided for â€˜[01m[Ktemplate<class _Scalar, int _Rows, int _Cols, int _Options, int _MaxRows, int _MaxCols> class Eigen::Matrix[m[Kâ€™
 > class [01;36m[KMatrix[m[K;
         [01;36m[K^~~~~~[m[K
[01m[K/home/zeiad/sensorfusion_ros2_ws/src/kalmenfilter_cpp_pkg/src/state_subscriber.cpp:19:35:[m[K [01;31m[Kerror: [m[Kâ€˜[01m[KCppAD[m[Kâ€™ was not declared in this scope
 using Matrix12dAD = Eigen::Matrix<[01;31m[KCppAD[m[K::AD<double>, 12, 12>;
                                   [01;31m[K^~~~~[m[K
[01m[K/home/zeiad/sensorfusion_ros2_ws/src/kalmenfilter_cpp_pkg/src/state_subscriber.cpp:19:60:[m[K [01;31m[Kerror: [m[Kwrong number of template arguments (1, should be at least 3)
 using Matrix12dAD = Eigen::Matrix<CppAD::AD<double>, 12, 12[01;31m[K>[m[K;
                                                            [01;31m[K^[m[K
In file included from [01m[K/usr/include/eigen3/Eigen/Core:346:0[m[K,
                 from [01m[K/usr/include/eigen3/Eigen/Dense:1[m[K,
                 from [01m[K/home/zeiad/sensorfusion_ros2_ws/src/kalmenfilter_cpp_pkg/src/state_subscriber.cpp:7[m[K:
[01m[K/usr/include/eigen3/Eigen/src/Core/util/ForwardDeclarations.h:74:9:[m[K [01;36m[Knote: [m[Kprovided for â€˜[01m[Ktemplate<class _Scalar, int _Rows, int _Cols, int _Options, int _MaxRows, int _MaxCols> class Eigen::Matrix[m[Kâ€™
 > class [01;36m[KMatrix[m[K;
         [01;36m[K^~~~~~[m[K
[01m[K/home/zeiad/sensorfusion_ros2_ws/src/kalmenfilter_cpp_pkg/src/state_subscriber.cpp:20:34:[m[K [01;31m[Kerror: [m[Kâ€˜[01m[KCppAD[m[Kâ€™ was not declared in this scope
 using Vector6dAD = Eigen::Matrix<[01;31m[KCppAD[m[K::AD<double>, 6, 1>;
                                  [01;31m[K^~~~~[m[K
[01m[K/home/zeiad/sensorfusion_ros2_ws/src/kalmenfilter_cpp_pkg/src/state_subscriber.cpp:20:57:[m[K [01;31m[Kerror: [m[Kwrong number of template arguments (1, should be at least 3)
 using Vector6dAD = Eigen::Matrix<CppAD::AD<double>, 6, 1[01;31m[K>[m[K;
                                                         [01;31m[K^[m[K
In file included from [01m[K/usr/include/eigen3/Eigen/Core:346:0[m[K,
                 from [01m[K/usr/include/eigen3/Eigen/Dense:1[m[K,
                 from [01m[K/home/zeiad/sensorfusion_ros2_ws/src/kalmenfilter_cpp_pkg/src/state_subscriber.cpp:7[m[K:
[01m[K/usr/include/eigen3/Eigen/src/Core/util/ForwardDeclarations.h:74:9:[m[K [01;36m[Knote: [m[Kprovided for â€˜[01m[Ktemplate<class _Scalar, int _Rows, int _Cols, int _Options, int _MaxRows, int _MaxCols> class Eigen::Matrix[m[Kâ€™
 > class [01;36m[KMatrix[m[K;
         [01;36m[K^~~~~~[m[K
[01m[K/home/zeiad/sensorfusion_ros2_ws/src/kalmenfilter_cpp_pkg/src/state_subscriber.cpp:21:34:[m[K [01;31m[Kerror: [m[Kâ€˜[01m[KCppAD[m[Kâ€™ was not declared in this scope
 using Matrix6dAD = Eigen::Matrix<[01;31m[KCppAD[m[K::AD<double>, 6, 6>;
                                  [01;31m[K^~~~~[m[K
[01m[K/home/zeiad/sensorfusion_ros2_ws/src/kalmenfilter_cpp_pkg/src/state_subscriber.cpp:21:57:[m[K [01;31m[Kerror: [m[Kwrong number of template arguments (1, should be at least 3)
 using Matrix6dAD = Eigen::Matrix<CppAD::AD<double>, 6, 6[01;31m[K>[m[K;
                                                         [01;31m[K^[m[K
In file included from [01m[K/usr/include/eigen3/Eigen/Core:346:0[m[K,
                 from [01m[K/usr/include/eigen3/Eigen/Dense:1[m[K,
                 from [01m[K/home/zeiad/sensorfusion_ros2_ws/src/kalmenfilter_cpp_pkg/src/state_subscriber.cpp:7[m[K:
[01m[K/usr/include/eigen3/Eigen/src/Core/util/ForwardDeclarations.h:74:9:[m[K [01;36m[Knote: [m[Kprovided for â€˜[01m[Ktemplate<class _Scalar, int _Rows, int _Cols, int _Options, int _MaxRows, int _MaxCols> class Eigen::Matrix[m[Kâ€™
 > class [01;36m[KMatrix[m[K;
         [01;36m[K^~~~~~[m[K
[01m[K/home/zeiad/sensorfusion_ros2_ws/src/kalmenfilter_cpp_pkg/src/state_subscriber.cpp:22:34:[m[K [01;31m[Kerror: [m[Kâ€˜[01m[KCppAD[m[Kâ€™ was not declared in this scope
 using Vector3dAD = Eigen::Matrix<[01;31m[KCppAD[m[K::AD<double>, 3, 1>;
                                  [01;31m[K^~~~~[m[K
[01m[K/home/zeiad/sensorfusion_ros2_ws/src/kalmenfilter_cpp_pkg/src/state_subscriber.cpp:22:57:[m[K [01;31m[Kerror: [m[Kwrong number of template arguments (1, should be at least 3)
 using Vector3dAD = Eigen::Matrix<CppAD::AD<double>, 3, 1[01;31m[K>[m[K;
                                                         [01;31m[K^[m[K
In file included from [01m[K/usr/include/eigen3/Eigen/Core:346:0[m[K,
                 from [01m[K/usr/include/eigen3/Eigen/Dense:1[m[K,
                 from [01m[K/home/zeiad/sensorfusion_ros2_ws/src/kalmenfilter_cpp_pkg/src/state_subscriber.cpp:7[m[K:
[01m[K/usr/include/eigen3/Eigen/src/Core/util/ForwardDeclarations.h:74:9:[m[K [01;36m[Knote: [m[Kprovided for â€˜[01m[Ktemplate<class _Scalar, int _Rows, int _Cols, int _Options, int _MaxRows, int _MaxCols> class Eigen::Matrix[m[Kâ€™
 > class [01;36m[KMatrix[m[K;
         [01;36m[K^~~~~~[m[K
[01m[K/home/zeiad/sensorfusion_ros2_ws/src/kalmenfilter_cpp_pkg/src/state_subscriber.cpp:23:34:[m[K [01;31m[Kerror: [m[Kâ€˜[01m[KCppAD[m[Kâ€™ was not declared in this scope
 using Matrix3dAD = Eigen::Matrix<[01;31m[KCppAD[m[K::AD<double>, 3, 3>;
                                  [01;31m[K^~~~~[m[K
[01m[K/home/zeiad/sensorfusion_ros2_ws/src/kalmenfilter_cpp_pkg/src/state_subscriber.cpp:23:57:[m[K [01;31m[Kerror: [m[Kwrong number of template arguments (1, should be at least 3)
 using Matrix3dAD = Eigen::Matrix<CppAD::AD<double>, 3, 3[01;31m[K>[m[K;
                                                         [01;31m[K^[m[K
In file included from [01m[K/usr/include/eigen3/Eigen/Core:346:0[m[K,
                 from [01m[K/usr/include/eigen3/Eigen/Dense:1[m[K,
                 from [01m[K/home/zeiad/sensorfusion_ros2_ws/src/kalmenfilter_cpp_pkg/src/state_subscriber.cpp:7[m[K:
[01m[K/usr/include/eigen3/Eigen/src/Core/util/ForwardDeclarations.h:74:9:[m[K [01;36m[Knote: [m[Kprovided for â€˜[01m[Ktemplate<class _Scalar, int _Rows, int _Cols, int _Options, int _MaxRows, int _MaxCols> class Eigen::Matrix[m[Kâ€™
 > class [01;36m[KMatrix[m[K;
         [01;36m[K^~~~~~[m[K
[01m[K/home/zeiad/sensorfusion_ros2_ws/src/kalmenfilter_cpp_pkg/src/state_subscriber.cpp:[m[K In member function â€˜[01m[Kvoid SubscriberNode::callbackGroundTruth(gazebo_msgs::msg::LinkStates_<std::allocator<void> >::SharedPtr)[m[Kâ€™:
[01m[K/home/zeiad/sensorfusion_ros2_ws/src/kalmenfilter_cpp_pkg/src/state_subscriber.cpp:105:74:[m[K [01;35m[Kwarning: [m[Kunused parameter â€˜[01m[Kmsg[m[Kâ€™ [[01;35m[K-Wunused-parameter[m[K]
   void callbackGroundTruth(const gazebo_msgs::msg::LinkStates::SharedPtr [01;35m[Kmsg[m[K)
                                                                          [01;35m[K^~~[m[K
make[2]: *** [CMakeFiles/state_subscriber.dir/src/state_subscriber.cpp.o] Error 1
make[1]: *** [CMakeFiles/state_subscriber.dir/all] Error 2
make: *** [all] Error 2
