-- Found ament_cmake: 0.8.3 (/opt/ros/eloquent/share/ament_cmake/cmake)
-- Using PYTHON_EXECUTABLE: /usr/bin/python3
-- Found rclcpp: 0.8.5 (/opt/ros/eloquent/share/rclcpp/cmake)
-- Found rosidl_adapter: 0.8.3 (/opt/ros/eloquent/share/rosidl_adapter/cmake)
-- Found rmw_implementation_cmake: 0.8.1 (/opt/ros/eloquent/share/rmw_implementation_cmake/cmake)
-- Using RMW implementation 'rmw_fastrtps_cpp' as default
-- Found std_msgs: 0.8.1 (/opt/ros/eloquent/share/std_msgs/cmake)
-- Found sensor_msgs: 0.8.1 (/opt/ros/eloquent/share/sensor_msgs/cmake)
-- Found gazebo_msgs: 3.4.4 (/opt/ros/eloquent/share/gazebo_msgs/cmake)
-- Found nav_msgs: 0.8.1 (/opt/ros/eloquent/share/nav_msgs/cmake)
[Main] EIGEN3_INCLUDE_DIRS = /usr/include/eigen3
-- Configuring done
-- Generating done
-- Build files have been written to: /home/zeiad/sensorfusion_ros2_ws/build/kalmenfilter_cpp_pkg
[35m[1mScanning dependencies of target state_subscriber[0m
[ 50%] [32mBuilding CXX object CMakeFiles/state_subscriber.dir/src/state_subscriber.cpp.o[0m
[01m[K/home/zeiad/sensorfusion_ros2_ws/src/kalmenfilter_cpp_pkg/src/state_subscriber.cpp:18:35:[m[K [01;31m[Kerror: [m[Kâ€˜[01m[KCppAD[m[Kâ€™ was not declared in this scope
 using Vector12dAD = Eigen::Matrix<[01;31m[KCppAD[m[K::AD<double>, 12, 1>;
                                   [01;31m[K^~~~~[m[K
[01m[K/home/zeiad/sensorfusion_ros2_ws/src/kalmenfilter_cpp_pkg/src/state_subscriber.cpp:18:59:[m[K [01;31m[Kerror: [m[Kwrong number of template arguments (1, should be at least 3)
 using Vector12dAD = Eigen::Matrix<CppAD::AD<double>, 12, 1[01;31m[K>[m[K;
                                                           [01;31m[K^[m[K
In file included from [01m[K/usr/include/eigen3/Eigen/Core:346:0[m[K,
                 from [01m[K/usr/include/eigen3/Eigen/Dense:1[m[K,
                 from [01m[K/home/zeiad/sensorfusion_ros2_ws/src/kalmenfilter_cpp_pkg/src/state_subscriber.cpp:7[m[K:
[01m[K/usr/include/eigen3/Eigen/src/Core/util/ForwardDeclarations.h:74:9:[m[K [01;36m[Knote: [m[Kprovided for â€˜[01m[Ktemplate<class _Scalar, int _Rows, int _Cols, int _Options, int _MaxRows, int _MaxCols> class Eigen::Matrix[m[Kâ€™
 > class [01;36m[KMatrix[m[K;
         [01;36m[K^~~~~~[m[K
[01m[K/home/zeiad/sensorfusion_ros2_ws/src/kalmenfilter_cpp_pkg/src/state_subscriber.cpp:19:35:[m[K [01;31m[Kerror: [m[Kâ€˜[01m[KCppAD[m[Kâ€™ was not declared in this scope
 using Matrix12dAD = Eigen::Matrix<[01;31m[KCppAD[m[K::AD<double>, 12, 12>;
                                   [01;31m[K^~~~~[m[K
[01m[K/home/zeiad/sensorfusion_ros2_ws/src/kalmenfilter_cpp_pkg/src/state_subscriber.cpp:19:60:[m[K [01;31m[Kerror: [m[Kwrong number of template arguments (1, should be at least 3)
 using Matrix12dAD = Eigen::Matrix<CppAD::AD<double>, 12, 12[01;31m[K>[m[K;
                                                            [01;31m[K^[m[K
In file included from [01m[K/usr/include/eigen3/Eigen/Core:346:0[m[K,
                 from [01m[K/usr/include/eigen3/Eigen/Dense:1[m[K,
                 from [01m[K/home/zeiad/sensorfusion_ros2_ws/src/kalmenfilter_cpp_pkg/src/state_subscriber.cpp:7[m[K:
[01m[K/usr/include/eigen3/Eigen/src/Core/util/ForwardDeclarations.h:74:9:[m[K [01;36m[Knote: [m[Kprovided for â€˜[01m[Ktemplate<class _Scalar, int _Rows, int _Cols, int _Options, int _MaxRows, int _MaxCols> class Eigen::Matrix[m[Kâ€™
 > class [01;36m[KMatrix[m[K;
         [01;36m[K^~~~~~[m[K
[01m[K/home/zeiad/sensorfusion_ros2_ws/src/kalmenfilter_cpp_pkg/src/state_subscriber.cpp:20:34:[m[K [01;31m[Kerror: [m[Kâ€˜[01m[KCppAD[m[Kâ€™ was not declared in this scope
 using Vector6dAD = Eigen::Matrix<[01;31m[KCppAD[m[K::AD<double>, 6, 1>;
                                  [01;31m[K^~~~~[m[K
[01m[K/home/zeiad/sensorfusion_ros2_ws/src/kalmenfilter_cpp_pkg/src/state_subscriber.cpp:20:57:[m[K [01;31m[Kerror: [m[Kwrong number of template arguments (1, should be at least 3)
 using Vector6dAD = Eigen::Matrix<CppAD::AD<double>, 6, 1[01;31m[K>[m[K;
                                                         [01;31m[K^[m[K
In file included from [01m[K/usr/include/eigen3/Eigen/Core:346:0[m[K,
                 from [01m[K/usr/include/eigen3/Eigen/Dense:1[m[K,
                 from [01m[K/home/zeiad/sensorfusion_ros2_ws/src/kalmenfilter_cpp_pkg/src/state_subscriber.cpp:7[m[K:
[01m[K/usr/include/eigen3/Eigen/src/Core/util/ForwardDeclarations.h:74:9:[m[K [01;36m[Knote: [m[Kprovided for â€˜[01m[Ktemplate<class _Scalar, int _Rows, int _Cols, int _Options, int _MaxRows, int _MaxCols> class Eigen::Matrix[m[Kâ€™
 > class [01;36m[KMatrix[m[K;
         [01;36m[K^~~~~~[m[K
[01m[K/home/zeiad/sensorfusion_ros2_ws/src/kalmenfilter_cpp_pkg/src/state_subscriber.cpp:21:34:[m[K [01;31m[Kerror: [m[Kâ€˜[01m[KCppAD[m[Kâ€™ was not declared in this scope
 using Matrix6dAD = Eigen::Matrix<[01;31m[KCppAD[m[K::AD<double>, 6, 6>;
                                  [01;31m[K^~~~~[m[K
[01m[K/home/zeiad/sensorfusion_ros2_ws/src/kalmenfilter_cpp_pkg/src/state_subscriber.cpp:21:57:[m[K [01;31m[Kerror: [m[Kwrong number of template arguments (1, should be at least 3)
 using Matrix6dAD = Eigen::Matrix<CppAD::AD<double>, 6, 6[01;31m[K>[m[K;
                                                         [01;31m[K^[m[K
In file included from [01m[K/usr/include/eigen3/Eigen/Core:346:0[m[K,
                 from [01m[K/usr/include/eigen3/Eigen/Dense:1[m[K,
                 from [01m[K/home/zeiad/sensorfusion_ros2_ws/src/kalmenfilter_cpp_pkg/src/state_subscriber.cpp:7[m[K:
[01m[K/usr/include/eigen3/Eigen/src/Core/util/ForwardDeclarations.h:74:9:[m[K [01;36m[Knote: [m[Kprovided for â€˜[01m[Ktemplate<class _Scalar, int _Rows, int _Cols, int _Options, int _MaxRows, int _MaxCols> class Eigen::Matrix[m[Kâ€™
 > class [01;36m[KMatrix[m[K;
         [01;36m[K^~~~~~[m[K
[01m[K/home/zeiad/sensorfusion_ros2_ws/src/kalmenfilter_cpp_pkg/src/state_subscriber.cpp:22:34:[m[K [01;31m[Kerror: [m[Kâ€˜[01m[KCppAD[m[Kâ€™ was not declared in this scope
 using Vector3dAD = Eigen::Matrix<[01;31m[KCppAD[m[K::AD<double>, 3, 1>;
                                  [01;31m[K^~~~~[m[K
[01m[K/home/zeiad/sensorfusion_ros2_ws/src/kalmenfilter_cpp_pkg/src/state_subscriber.cpp:22:57:[m[K [01;31m[Kerror: [m[Kwrong number of template arguments (1, should be at least 3)
 using Vector3dAD = Eigen::Matrix<CppAD::AD<double>, 3, 1[01;31m[K>[m[K;
                                                         [01;31m[K^[m[K
In file included from [01m[K/usr/include/eigen3/Eigen/Core:346:0[m[K,
                 from [01m[K/usr/include/eigen3/Eigen/Dense:1[m[K,
                 from [01m[K/home/zeiad/sensorfusion_ros2_ws/src/kalmenfilter_cpp_pkg/src/state_subscriber.cpp:7[m[K:
[01m[K/usr/include/eigen3/Eigen/src/Core/util/ForwardDeclarations.h:74:9:[m[K [01;36m[Knote: [m[Kprovided for â€˜[01m[Ktemplate<class _Scalar, int _Rows, int _Cols, int _Options, int _MaxRows, int _MaxCols> class Eigen::Matrix[m[Kâ€™
 > class [01;36m[KMatrix[m[K;
         [01;36m[K^~~~~~[m[K
[01m[K/home/zeiad/sensorfusion_ros2_ws/src/kalmenfilter_cpp_pkg/src/state_subscriber.cpp:23:34:[m[K [01;31m[Kerror: [m[Kâ€˜[01m[KCppAD[m[Kâ€™ was not declared in this scope
 using Matrix3dAD = Eigen::Matrix<[01;31m[KCppAD[m[K::AD<double>, 3, 3>;
                                  [01;31m[K^~~~~[m[K
[01m[K/home/zeiad/sensorfusion_ros2_ws/src/kalmenfilter_cpp_pkg/src/state_subscriber.cpp:23:57:[m[K [01;31m[Kerror: [m[Kwrong number of template arguments (1, should be at least 3)
 using Matrix3dAD = Eigen::Matrix<CppAD::AD<double>, 3, 3[01;31m[K>[m[K;
                                                         [01;31m[K^[m[K
In file included from [01m[K/usr/include/eigen3/Eigen/Core:346:0[m[K,
                 from [01m[K/usr/include/eigen3/Eigen/Dense:1[m[K,
                 from [01m[K/home/zeiad/sensorfusion_ros2_ws/src/kalmenfilter_cpp_pkg/src/state_subscriber.cpp:7[m[K:
[01m[K/usr/include/eigen3/Eigen/src/Core/util/ForwardDeclarations.h:74:9:[m[K [01;36m[Knote: [m[Kprovided for â€˜[01m[Ktemplate<class _Scalar, int _Rows, int _Cols, int _Options, int _MaxRows, int _MaxCols> class Eigen::Matrix[m[Kâ€™
 > class [01;36m[KMatrix[m[K;
         [01;36m[K^~~~~~[m[K
[01m[K/home/zeiad/sensorfusion_ros2_ws/src/kalmenfilter_cpp_pkg/src/state_subscriber.cpp:[m[K In member function â€˜[01m[Kvoid SubscriberNode::callbackGroundTruth(gazebo_msgs::msg::LinkStates_<std::allocator<void> >::SharedPtr)[m[Kâ€™:
[01m[K/home/zeiad/sensorfusion_ros2_ws/src/kalmenfilter_cpp_pkg/src/state_subscriber.cpp:105:74:[m[K [01;35m[Kwarning: [m[Kunused parameter â€˜[01m[Kmsg[m[Kâ€™ [[01;35m[K-Wunused-parameter[m[K]
   void callbackGroundTruth(const gazebo_msgs::msg::LinkStates::SharedPtr [01;35m[Kmsg[m[K)
                                                                          [01;35m[K^~~[m[K
CMakeFiles/state_subscriber.dir/build.make:62: recipe for target 'CMakeFiles/state_subscriber.dir/src/state_subscriber.cpp.o' failed
make[2]: *** [CMakeFiles/state_subscriber.dir/src/state_subscriber.cpp.o] Error 1
CMakeFiles/Makefile2:99: recipe for target 'CMakeFiles/state_subscriber.dir/all' failed
make[1]: *** [CMakeFiles/state_subscriber.dir/all] Error 2
Makefile:140: recipe for target 'all' failed
make: *** [all] Error 2
