[0.208s] Invoking command in '/home/zeiad/sensorfusion_ros2_ws/build/kalmenfilter_cpp_pkg': CMAKE_PREFIX_PATH=${CMAKE_PREFIX_PATH}:/home/zeiad/sonar_ws/install/ping360_sonar:/home/zeiad/sonar_ws/install/opencv_tests:/opt/ros/eloquent /usr/bin/cmake --build /home/zeiad/sensorfusion_ros2_ws/build/kalmenfilter_cpp_pkg -- -j12 -l12
[0.334s] -- Found ament_cmake: 0.8.3 (/opt/ros/eloquent/share/ament_cmake/cmake)
[0.467s] -- Using PYTHON_EXECUTABLE: /usr/bin/python3
[1.314s] -- Found rclcpp: 0.8.5 (/opt/ros/eloquent/share/rclcpp/cmake)
[1.351s] -- Found rosidl_adapter: 0.8.3 (/opt/ros/eloquent/share/rosidl_adapter/cmake)
[1.441s] -- Found rmw_implementation_cmake: 0.8.1 (/opt/ros/eloquent/share/rmw_implementation_cmake/cmake)
[1.448s] -- Using RMW implementation 'rmw_fastrtps_cpp' as default
[1.523s] -- Found std_msgs: 0.8.1 (/opt/ros/eloquent/share/std_msgs/cmake)
[1.535s] -- Found sensor_msgs: 0.8.1 (/opt/ros/eloquent/share/sensor_msgs/cmake)
[1.571s] -- Found gazebo_msgs: 3.4.4 (/opt/ros/eloquent/share/gazebo_msgs/cmake)
[1.634s] -- Found nav_msgs: 0.8.1 (/opt/ros/eloquent/share/nav_msgs/cmake)
[1.827s] [Main] EIGEN3_INCLUDE_DIRS = /usr/include/eigen3
[2.121s] -- Configuring done
[2.186s] -- Generating done
[2.193s] -- Build files have been written to: /home/zeiad/sensorfusion_ros2_ws/build/kalmenfilter_cpp_pkg
[2.291s] [35m[1mScanning dependencies of target state_subscriber[0m
[3.011s] [ 50%] [32mBuilding CXX object CMakeFiles/state_subscriber.dir/src/state_subscriber.cpp.o[0m
[10.771s] [01m[K/home/zeiad/sensorfusion_ros2_ws/src/kalmenfilter_cpp_pkg/src/state_subscriber.cpp:18:35:[m[K [01;31m[Kerror: [m[Kâ€˜[01m[KCppAD[m[Kâ€™ was not declared in this scope
[10.771s]  using Vector12dAD = Eigen::Matrix<[01;31m[KCppAD[m[K::AD<double>, 12, 1>;
[10.772s]                                    [01;31m[K^~~~~[m[K
[10.774s] [01m[K/home/zeiad/sensorfusion_ros2_ws/src/kalmenfilter_cpp_pkg/src/state_subscriber.cpp:18:59:[m[K [01;31m[Kerror: [m[Kwrong number of template arguments (1, should be at least 3)
[10.775s]  using Vector12dAD = Eigen::Matrix<CppAD::AD<double>, 12, 1[01;31m[K>[m[K;
[10.775s]                                                            [01;31m[K^[m[K
[10.775s] In file included from [01m[K/usr/include/eigen3/Eigen/Core:346:0[m[K,
[10.775s]                  from [01m[K/usr/include/eigen3/Eigen/Dense:1[m[K,
[10.775s]                  from [01m[K/home/zeiad/sensorfusion_ros2_ws/src/kalmenfilter_cpp_pkg/src/state_subscriber.cpp:7[m[K:
[10.775s] [01m[K/usr/include/eigen3/Eigen/src/Core/util/ForwardDeclarations.h:74:9:[m[K [01;36m[Knote: [m[Kprovided for â€˜[01m[Ktemplate<class _Scalar, int _Rows, int _Cols, int _Options, int _MaxRows, int _MaxCols> class Eigen::Matrix[m[Kâ€™
[10.776s]  > class [01;36m[KMatrix[m[K;
[10.776s]          [01;36m[K^~~~~~[m[K
[10.776s] [01m[K/home/zeiad/sensorfusion_ros2_ws/src/kalmenfilter_cpp_pkg/src/state_subscriber.cpp:19:35:[m[K [01;31m[Kerror: [m[Kâ€˜[01m[KCppAD[m[Kâ€™ was not declared in this scope
[10.776s]  using Matrix12dAD = Eigen::Matrix<[01;31m[KCppAD[m[K::AD<double>, 12, 12>;
[10.776s]                                    [01;31m[K^~~~~[m[K
[10.777s] [01m[K/home/zeiad/sensorfusion_ros2_ws/src/kalmenfilter_cpp_pkg/src/state_subscriber.cpp:19:60:[m[K [01;31m[Kerror: [m[Kwrong number of template arguments (1, should be at least 3)
[10.777s]  using Matrix12dAD = Eigen::Matrix<CppAD::AD<double>, 12, 12[01;31m[K>[m[K;
[10.777s]                                                             [01;31m[K^[m[K
[10.778s] In file included from [01m[K/usr/include/eigen3/Eigen/Core:346:0[m[K,
[10.778s]                  from [01m[K/usr/include/eigen3/Eigen/Dense:1[m[K,
[10.778s]                  from [01m[K/home/zeiad/sensorfusion_ros2_ws/src/kalmenfilter_cpp_pkg/src/state_subscriber.cpp:7[m[K:
[10.778s] [01m[K/usr/include/eigen3/Eigen/src/Core/util/ForwardDeclarations.h:74:9:[m[K [01;36m[Knote: [m[Kprovided for â€˜[01m[Ktemplate<class _Scalar, int _Rows, int _Cols, int _Options, int _MaxRows, int _MaxCols> class Eigen::Matrix[m[Kâ€™
[10.778s]  > class [01;36m[KMatrix[m[K;
[10.778s]          [01;36m[K^~~~~~[m[K
[10.779s] [01m[K/home/zeiad/sensorfusion_ros2_ws/src/kalmenfilter_cpp_pkg/src/state_subscriber.cpp:20:34:[m[K [01;31m[Kerror: [m[Kâ€˜[01m[KCppAD[m[Kâ€™ was not declared in this scope
[10.779s]  using Vector6dAD = Eigen::Matrix<[01;31m[KCppAD[m[K::AD<double>, 6, 1>;
[10.779s]                                   [01;31m[K^~~~~[m[K
[10.779s] [01m[K/home/zeiad/sensorfusion_ros2_ws/src/kalmenfilter_cpp_pkg/src/state_subscriber.cpp:20:57:[m[K [01;31m[Kerror: [m[Kwrong number of template arguments (1, should be at least 3)
[10.779s]  using Vector6dAD = Eigen::Matrix<CppAD::AD<double>, 6, 1[01;31m[K>[m[K;
[10.779s]                                                          [01;31m[K^[m[K
[10.780s] In file included from [01m[K/usr/include/eigen3/Eigen/Core:346:0[m[K,
[10.780s]                  from [01m[K/usr/include/eigen3/Eigen/Dense:1[m[K,
[10.780s]                  from [01m[K/home/zeiad/sensorfusion_ros2_ws/src/kalmenfilter_cpp_pkg/src/state_subscriber.cpp:7[m[K:
[10.780s] [01m[K/usr/include/eigen3/Eigen/src/Core/util/ForwardDeclarations.h:74:9:[m[K [01;36m[Knote: [m[Kprovided for â€˜[01m[Ktemplate<class _Scalar, int _Rows, int _Cols, int _Options, int _MaxRows, int _MaxCols> class Eigen::Matrix[m[Kâ€™
[10.780s]  > class [01;36m[KMatrix[m[K;
[10.780s]          [01;36m[K^~~~~~[m[K
[10.781s] [01m[K/home/zeiad/sensorfusion_ros2_ws/src/kalmenfilter_cpp_pkg/src/state_subscriber.cpp:21:34:[m[K [01;31m[Kerror: [m[Kâ€˜[01m[KCppAD[m[Kâ€™ was not declared in this scope
[10.781s]  using Matrix6dAD = Eigen::Matrix<[01;31m[KCppAD[m[K::AD<double>, 6, 6>;
[10.781s]                                   [01;31m[K^~~~~[m[K
[10.783s] [01m[K/home/zeiad/sensorfusion_ros2_ws/src/kalmenfilter_cpp_pkg/src/state_subscriber.cpp:21:57:[m[K [01;31m[Kerror: [m[Kwrong number of template arguments (1, should be at least 3)
[10.784s]  using Matrix6dAD = Eigen::Matrix<CppAD::AD<double>, 6, 6[01;31m[K>[m[K;
[10.784s]                                                          [01;31m[K^[m[K
[10.784s] In file included from [01m[K/usr/include/eigen3/Eigen/Core:346:0[m[K,
[10.785s]                  from [01m[K/usr/include/eigen3/Eigen/Dense:1[m[K,
[10.785s]                  from [01m[K/home/zeiad/sensorfusion_ros2_ws/src/kalmenfilter_cpp_pkg/src/state_subscriber.cpp:7[m[K:
[10.785s] [01m[K/usr/include/eigen3/Eigen/src/Core/util/ForwardDeclarations.h:74:9:[m[K [01;36m[Knote: [m[Kprovided for â€˜[01m[Ktemplate<class _Scalar, int _Rows, int _Cols, int _Options, int _MaxRows, int _MaxCols> class Eigen::Matrix[m[Kâ€™
[10.785s]  > class [01;36m[KMatrix[m[K;
[10.786s]          [01;36m[K^~~~~~[m[K
[10.786s] [01m[K/home/zeiad/sensorfusion_ros2_ws/src/kalmenfilter_cpp_pkg/src/state_subscriber.cpp:22:34:[m[K [01;31m[Kerror: [m[Kâ€˜[01m[KCppAD[m[Kâ€™ was not declared in this scope
[10.786s]  using Vector3dAD = Eigen::Matrix<[01;31m[KCppAD[m[K::AD<double>, 3, 1>;
[10.787s]                                   [01;31m[K^~~~~[m[K
[10.787s] [01m[K/home/zeiad/sensorfusion_ros2_ws/src/kalmenfilter_cpp_pkg/src/state_subscriber.cpp:22:57:[m[K [01;31m[Kerror: [m[Kwrong number of template arguments (1, should be at least 3)
[10.788s]  using Vector3dAD = Eigen::Matrix<CppAD::AD<double>, 3, 1[01;31m[K>[m[K;
[10.788s]                                                          [01;31m[K^[m[K
[10.788s] In file included from [01m[K/usr/include/eigen3/Eigen/Core:346:0[m[K,
[10.789s]                  from [01m[K/usr/include/eigen3/Eigen/Dense:1[m[K,
[10.789s]                  from [01m[K/home/zeiad/sensorfusion_ros2_ws/src/kalmenfilter_cpp_pkg/src/state_subscriber.cpp:7[m[K:
[10.790s] [01m[K/usr/include/eigen3/Eigen/src/Core/util/ForwardDeclarations.h:74:9:[m[K [01;36m[Knote: [m[Kprovided for â€˜[01m[Ktemplate<class _Scalar, int _Rows, int _Cols, int _Options, int _MaxRows, int _MaxCols> class Eigen::Matrix[m[Kâ€™
[10.790s]  > class [01;36m[KMatrix[m[K;
[10.791s]          [01;36m[K^~~~~~[m[K
[10.791s] [01m[K/home/zeiad/sensorfusion_ros2_ws/src/kalmenfilter_cpp_pkg/src/state_subscriber.cpp:23:34:[m[K [01;31m[Kerror: [m[Kâ€˜[01m[KCppAD[m[Kâ€™ was not declared in this scope
[10.791s]  using Matrix3dAD = Eigen::Matrix<[01;31m[KCppAD[m[K::AD<double>, 3, 3>;
[10.791s]                                   [01;31m[K^~~~~[m[K
[10.793s] [01m[K/home/zeiad/sensorfusion_ros2_ws/src/kalmenfilter_cpp_pkg/src/state_subscriber.cpp:23:57:[m[K [01;31m[Kerror: [m[Kwrong number of template arguments (1, should be at least 3)
[10.793s]  using Matrix3dAD = Eigen::Matrix<CppAD::AD<double>, 3, 3[01;31m[K>[m[K;
[10.793s]                                                          [01;31m[K^[m[K
[10.794s] In file included from [01m[K/usr/include/eigen3/Eigen/Core:346:0[m[K,
[10.794s]                  from [01m[K/usr/include/eigen3/Eigen/Dense:1[m[K,
[10.794s]                  from [01m[K/home/zeiad/sensorfusion_ros2_ws/src/kalmenfilter_cpp_pkg/src/state_subscriber.cpp:7[m[K:
[10.794s] [01m[K/usr/include/eigen3/Eigen/src/Core/util/ForwardDeclarations.h:74:9:[m[K [01;36m[Knote: [m[Kprovided for â€˜[01m[Ktemplate<class _Scalar, int _Rows, int _Cols, int _Options, int _MaxRows, int _MaxCols> class Eigen::Matrix[m[Kâ€™
[10.795s]  > class [01;36m[KMatrix[m[K;
[10.795s]          [01;36m[K^~~~~~[m[K
[11.359s] [01m[K/home/zeiad/sensorfusion_ros2_ws/src/kalmenfilter_cpp_pkg/src/state_subscriber.cpp:[m[K In member function â€˜[01m[Kvoid SubscriberNode::callbackGroundTruth(gazebo_msgs::msg::LinkStates_<std::allocator<void> >::SharedPtr)[m[Kâ€™:
[11.359s] [01m[K/home/zeiad/sensorfusion_ros2_ws/src/kalmenfilter_cpp_pkg/src/state_subscriber.cpp:105:74:[m[K [01;35m[Kwarning: [m[Kunused parameter â€˜[01m[Kmsg[m[Kâ€™ [[01;35m[K-Wunused-parameter[m[K]
[11.360s]    void callbackGroundTruth(const gazebo_msgs::msg::LinkStates::SharedPtr [01;35m[Kmsg[m[K)
[11.361s]                                                                           [01;35m[K^~~[m[K
[20.292s] CMakeFiles/state_subscriber.dir/build.make:62: recipe for target 'CMakeFiles/state_subscriber.dir/src/state_subscriber.cpp.o' failed
[20.293s] make[2]: *** [CMakeFiles/state_subscriber.dir/src/state_subscriber.cpp.o] Error 1
[20.293s] CMakeFiles/Makefile2:99: recipe for target 'CMakeFiles/state_subscriber.dir/all' failed
[20.293s] make[1]: *** [CMakeFiles/state_subscriber.dir/all] Error 2
[20.293s] Makefile:140: recipe for target 'all' failed
[20.293s] make: *** [all] Error 2
[20.301s] Invoked command in '/home/zeiad/sensorfusion_ros2_ws/build/kalmenfilter_cpp_pkg' returned '2': CMAKE_PREFIX_PATH=${CMAKE_PREFIX_PATH}:/home/zeiad/sonar_ws/install/ping360_sonar:/home/zeiad/sonar_ws/install/opencv_tests:/opt/ros/eloquent /usr/bin/cmake --build /home/zeiad/sensorfusion_ros2_ws/build/kalmenfilter_cpp_pkg -- -j12 -l12
