[0.168s] Invoking command in '/home/zeiad/sensorfusion_ros2_ws/build/kalmenfilter_cpp_pkg': CMAKE_PREFIX_PATH=${CMAKE_PREFIX_PATH}:/home/zeiad/sonar_ws/install/ping360_sonar:/home/zeiad/sonar_ws/install/opencv_tests:/opt/ros/eloquent /usr/bin/cmake --build /home/zeiad/sensorfusion_ros2_ws/build/kalmenfilter_cpp_pkg -- -j12 -l12
[0.336s] [35m[1mScanning dependencies of target state_subscriber[0m
[0.443s] [ 50%] [32mBuilding CXX object CMakeFiles/state_subscriber.dir/src/state_subscriber.cpp.o[0m
[6.736s] [01m[K/home/zeiad/sensorfusion_ros2_ws/src/kalmenfilter_cpp_pkg/src/state_subscriber.cpp:[m[K In member function â€˜[01m[Kvoid SubscriberNode::callbackGroundTruth(gazebo_msgs::msg::LinkStates_<std::allocator<void> >::SharedPtr)[m[Kâ€™:
[6.737s] [01m[K/home/zeiad/sensorfusion_ros2_ws/src/kalmenfilter_cpp_pkg/src/state_subscriber.cpp:480:74:[m[K [01;35m[Kwarning: [m[Kunused parameter â€˜[01m[Kmsg[m[Kâ€™ [[01;35m[K-Wunused-parameter[m[K]
[6.738s]    void callbackGroundTruth(const gazebo_msgs::msg::LinkStates::SharedPtr [01;35m[Kmsg[m[K)
[6.738s]                                                                           [01;35m[K^~~[m[K
[29.454s] [01m[K/home/zeiad/sensorfusion_ros2_ws/src/kalmenfilter_cpp_pkg/src/state_subscriber.cpp:[m[K At global scope:
[29.454s] [01m[K/home/zeiad/sensorfusion_ros2_ws/src/kalmenfilter_cpp_pkg/src/state_subscriber.cpp:566:1:[m[K [01;31m[Kfatal error: [m[Kerror writing to /tmp/cctFLXXi.s: No space left on device
[29.455s]  [01;31m[K}[m[K
[29.455s]  [01;31m[K^[m[K
[29.455s] compilation terminated.
[29.614s] CMakeFiles/state_subscriber.dir/build.make:62: recipe for target 'CMakeFiles/state_subscriber.dir/src/state_subscriber.cpp.o' failed
[29.617s] make[2]: *** [CMakeFiles/state_subscriber.dir/src/state_subscriber.cpp.o] Error 1
[29.617s] make[1]: *** [CMakeFiles/state_subscriber.dir/all] Error 2
[29.618s] CMakeFiles/Makefile2:99: recipe for target 'CMakeFiles/state_subscriber.dir/all' failed
[29.618s] Makefile:140: recipe for target 'all' failed
[29.618s] make: *** [all] Error 2
[29.620s] Invoked command in '/home/zeiad/sensorfusion_ros2_ws/build/kalmenfilter_cpp_pkg' returned '2': CMAKE_PREFIX_PATH=${CMAKE_PREFIX_PATH}:/home/zeiad/sonar_ws/install/ping360_sonar:/home/zeiad/sonar_ws/install/opencv_tests:/opt/ros/eloquent /usr/bin/cmake --build /home/zeiad/sensorfusion_ros2_ws/build/kalmenfilter_cpp_pkg -- -j12 -l12
