[0.112s] Invoking command in '/home/zeiad/sensorfusion_ros2_ws/build/kalmenfilter_cpp_pkg': CMAKE_PREFIX_PATH=${CMAKE_PREFIX_PATH}:/home/zeiad/sonar_ws/install/ping360_sonar:/home/zeiad/sonar_ws/install/opencv_tests:/opt/ros/eloquent /usr/bin/cmake --build /home/zeiad/sensorfusion_ros2_ws/build/kalmenfilter_cpp_pkg -- -j12 -l12
[0.359s] [35m[1mScanning dependencies of target state_subscriber[0m
[0.461s] [ 50%] [32mBuilding CXX object CMakeFiles/state_subscriber.dir/src/state_subscriber.cpp.o[0m
[7.611s] [01m[K/home/zeiad/sensorfusion_ros2_ws/src/kalmenfilter_cpp_pkg/src/state_subscriber.cpp:[m[K In member function â€˜[01m[Kvoid SubscriberNode::callbackGroundTruth(gazebo_msgs::msg::LinkStates_<std::allocator<void> >::SharedPtr)[m[Kâ€™:
[7.612s] [01m[K/home/zeiad/sensorfusion_ros2_ws/src/kalmenfilter_cpp_pkg/src/state_subscriber.cpp:480:74:[m[K [01;35m[Kwarning: [m[Kunused parameter â€˜[01m[Kmsg[m[Kâ€™ [[01;35m[K-Wunused-parameter[m[K]
[7.612s]    void callbackGroundTruth(const gazebo_msgs::msg::LinkStates::SharedPtr [01;35m[Kmsg[m[K)
[7.612s]                                                                           [01;35m[K^~~[m[K
[30.706s] [01m[K/home/zeiad/sensorfusion_ros2_ws/src/kalmenfilter_cpp_pkg/src/state_subscriber.cpp:[m[K At global scope:
[30.706s] [01m[K/home/zeiad/sensorfusion_ros2_ws/src/kalmenfilter_cpp_pkg/src/state_subscriber.cpp:566:1:[m[K [01;31m[Kfatal error: [m[Kerror writing to /tmp/ccNGRroK.s: No space left on device
[30.706s]  [01;31m[K}[m[K
[30.706s]  [01;31m[K^[m[K
[30.707s] compilation terminated.
[30.802s] CMakeFiles/state_subscriber.dir/build.make:62: recipe for target 'CMakeFiles/state_subscriber.dir/src/state_subscriber.cpp.o' failed
[30.803s] make[2]: *** [CMakeFiles/state_subscriber.dir/src/state_subscriber.cpp.o] Error 1
[30.803s] CMakeFiles/Makefile2:99: recipe for target 'CMakeFiles/state_subscriber.dir/all' failed
[30.804s] make[1]: *** [CMakeFiles/state_subscriber.dir/all] Error 2
[30.804s] make: *** [all] Error 2
[30.804s] Makefile:140: recipe for target 'all' failed
[30.807s] Invoked command in '/home/zeiad/sensorfusion_ros2_ws/build/kalmenfilter_cpp_pkg' returned '2': CMAKE_PREFIX_PATH=${CMAKE_PREFIX_PATH}:/home/zeiad/sonar_ws/install/ping360_sonar:/home/zeiad/sonar_ws/install/opencv_tests:/opt/ros/eloquent /usr/bin/cmake --build /home/zeiad/sensorfusion_ros2_ws/build/kalmenfilter_cpp_pkg -- -j12 -l12
