[0.542s] Invoking command in '/home/zeiad/sensorfusion_ros2_ws/build/kalmenfilter_cpp_pkg': CMAKE_PREFIX_PATH=${CMAKE_PREFIX_PATH}:/home/zeiad/sonar_ws/install/ping360_sonar:/home/zeiad/sonar_ws/install/opencv_tests:/opt/ros/eloquent /usr/bin/cmake --build /home/zeiad/sensorfusion_ros2_ws/build/kalmenfilter_cpp_pkg -- -j12 -l12
[1.907s] [35m[1mScanning dependencies of target state_subscriber[0m
[2.101s] [ 50%] [32mBuilding CXX object CMakeFiles/state_subscriber.dir/src/state_subscriber.cpp.o[0m
[10.476s] [01m[K/home/zeiad/sensorfusion_ros2_ws/src/kalmenfilter_cpp_pkg/src/state_subscriber.cpp:[m[K In member function â€˜[01m[Kvoid SubscriberNode::callbackIMU(sensor_msgs::msg::Imu_<std::allocator<void> >::SharedPtr)[m[Kâ€™:
[10.476s] [01m[K/home/zeiad/sensorfusion_ros2_ws/src/kalmenfilter_cpp_pkg/src/state_subscriber.cpp:259:7:[m[K [01;31m[Kerror: [m[Kexpected â€˜[01m[K;[m[Kâ€™ before â€˜[01m[Kz[m[Kâ€™
[10.477s]        [01;31m[Kz[m[K << msg->orientation.x,
[10.477s]        [01;31m[K^[m[K
[10.925s] [01m[K/home/zeiad/sensorfusion_ros2_ws/src/kalmenfilter_cpp_pkg/src/state_subscriber.cpp:[m[K In member function â€˜[01m[Kvoid SubscriberNode::callbackGroundTruth(gazebo_msgs::msg::LinkStates_<std::allocator<void> >::SharedPtr)[m[Kâ€™:
[10.926s] [01m[K/home/zeiad/sensorfusion_ros2_ws/src/kalmenfilter_cpp_pkg/src/state_subscriber.cpp:462:74:[m[K [01;35m[Kwarning: [m[Kunused parameter â€˜[01m[Kmsg[m[Kâ€™ [[01;35m[K-Wunused-parameter[m[K]
[10.926s]    void callbackGroundTruth(const gazebo_msgs::msg::LinkStates::SharedPtr [01;35m[Kmsg[m[K)
[10.927s]                                                                           [01;35m[K^~~[m[K
[25.021s] CMakeFiles/state_subscriber.dir/build.make:62: recipe for target 'CMakeFiles/state_subscriber.dir/src/state_subscriber.cpp.o' failed
[25.021s] make[2]: *** [CMakeFiles/state_subscriber.dir/src/state_subscriber.cpp.o] Error 1
[25.022s] CMakeFiles/Makefile2:99: recipe for target 'CMakeFiles/state_subscriber.dir/all' failed
[25.022s] make[1]: *** [CMakeFiles/state_subscriber.dir/all] Error 2
[25.022s] make: *** [all] Error 2
[25.022s] Makefile:140: recipe for target 'all' failed
[25.400s] Invoked command in '/home/zeiad/sensorfusion_ros2_ws/build/kalmenfilter_cpp_pkg' returned '2': CMAKE_PREFIX_PATH=${CMAKE_PREFIX_PATH}:/home/zeiad/sonar_ws/install/ping360_sonar:/home/zeiad/sonar_ws/install/opencv_tests:/opt/ros/eloquent /usr/bin/cmake --build /home/zeiad/sensorfusion_ros2_ws/build/kalmenfilter_cpp_pkg -- -j12 -l12
