[0.273s] Invoking command in '/home/zeiad/sensorfusion_ros2_ws/build/kalmenfilter_cpp_pkg': CMAKE_PREFIX_PATH=${CMAKE_PREFIX_PATH}:/home/zeiad/sonar_ws/install/ping360_sonar:/home/zeiad/sonar_ws/install/opencv_tests:/opt/ros/eloquent /usr/bin/cmake --build /home/zeiad/sensorfusion_ros2_ws/build/kalmenfilter_cpp_pkg -- -j12 -l12
[0.737s] [35m[1mScanning dependencies of target state_subscriber[0m
[0.805s] [ 50%] [32mBuilding CXX object CMakeFiles/state_subscriber.dir/src/state_subscriber.cpp.o[0m
[5.521s] [01m[K/home/zeiad/sensorfusion_ros2_ws/src/kalmenfilter_cpp_pkg/src/state_subscriber.cpp:[m[K In member function â€˜[01m[Kvoid SubscriberNode::callbackDVL(geometry_msgs::msg::TwistWithCovarianceStamped_<std::allocator<void> >::SharedPtr)[m[Kâ€™:
[5.522s] [01m[K/home/zeiad/sensorfusion_ros2_ws/src/kalmenfilter_cpp_pkg/src/state_subscriber.cpp:364:7:[m[K [01;31m[Kerror: [m[Kâ€˜[01m[Ktf2[m[Kâ€™ has not been declared
[5.522s]        [01;31m[Ktf2[m[K::fromMsg(msg->twist.twist.linear, v_dvl);
[5.523s]        [01;31m[K^~~[m[K
[5.523s] [01m[K/home/zeiad/sensorfusion_ros2_ws/src/kalmenfilter_cpp_pkg/src/state_subscriber.cpp:364:45:[m[K [01;31m[Kerror: [m[Kâ€˜[01m[Kv_dvl[m[Kâ€™ was not declared in this scope
[5.523s]        tf2::fromMsg(msg->twist.twist.linear, [01;31m[Kv_dvl[m[K);
[5.523s]                                              [01;31m[K^~~~~[m[K
[5.530s] [01m[K/home/zeiad/sensorfusion_ros2_ws/src/kalmenfilter_cpp_pkg/src/state_subscriber.cpp:366:7:[m[K [01;31m[Kerror: [m[Kâ€˜[01m[Kbody_linear_velocity_[m[Kâ€™ was not declared in this scope
[5.530s]        [01;31m[Kbody_linear_velocity_[m[K = dvl_rotation_.toRotationMatrix() * v_dvl;
[5.530s]        [01;31m[K^~~~~~~~~~~~~~~~~~~~~[m[K
[5.614s] [01m[K/home/zeiad/sensorfusion_ros2_ws/src/kalmenfilter_cpp_pkg/src/state_subscriber.cpp:[m[K In member function â€˜[01m[Kvoid SubscriberNode::callbackGroundTruth(gazebo_msgs::msg::LinkStates_<std::allocator<void> >::SharedPtr)[m[Kâ€™:
[5.614s] [01m[K/home/zeiad/sensorfusion_ros2_ws/src/kalmenfilter_cpp_pkg/src/state_subscriber.cpp:470:74:[m[K [01;35m[Kwarning: [m[Kunused parameter â€˜[01m[Kmsg[m[Kâ€™ [[01;35m[K-Wunused-parameter[m[K]
[5.614s]    void callbackGroundTruth(const gazebo_msgs::msg::LinkStates::SharedPtr [01;35m[Kmsg[m[K)
[5.614s]                                                                           [01;35m[K^~~[m[K
[14.021s] CMakeFiles/state_subscriber.dir/build.make:62: recipe for target 'CMakeFiles/state_subscriber.dir/src/state_subscriber.cpp.o' failed
[14.021s] make[2]: *** [CMakeFiles/state_subscriber.dir/src/state_subscriber.cpp.o] Error 1
[14.021s] CMakeFiles/Makefile2:99: recipe for target 'CMakeFiles/state_subscriber.dir/all' failed
[14.021s] make[1]: *** [CMakeFiles/state_subscriber.dir/all] Error 2
[14.021s] make: *** [all] Error 2
[14.021s] Makefile:140: recipe for target 'all' failed
[14.024s] Invoked command in '/home/zeiad/sensorfusion_ros2_ws/build/kalmenfilter_cpp_pkg' returned '2': CMAKE_PREFIX_PATH=${CMAKE_PREFIX_PATH}:/home/zeiad/sonar_ws/install/ping360_sonar:/home/zeiad/sonar_ws/install/opencv_tests:/opt/ros/eloquent /usr/bin/cmake --build /home/zeiad/sensorfusion_ros2_ws/build/kalmenfilter_cpp_pkg -- -j12 -l12
